This is pdfTeX, Version 3.14159265-2.6-1.40.21 (MiKTeX 20.10) (preloaded format=pdflatex 2020.10.23)  20 DEC 2020 10:25
entering extended mode
**"./Sustainability in the supplychain.tex"
("Sustainability in the supplychain.tex"
LaTeX2e <2020-10-01> patch level 1
L3 programming layer <2020-10-05> xparse <2020-03-03>
(C:\Users\Traubinger\AppData\Local\Programs\MiKTeX\tex/latex/base\article.cls
Document Class: article 2020/04/10 v1.4m Standard LaTeX document class
(C:\Users\Traubinger\AppData\Local\Programs\MiKTeX\tex/latex/base\size10.clo
File: size10.clo 2020/04/10 v1.4m Standard LaTeX file (size option)
)
\c@part=\count175
\c@section=\count176
\c@subsection=\count177
\c@subsubsection=\count178
\c@paragraph=\count179
\c@subparagraph=\count180
\c@figure=\count181
\c@table=\count182
\abovecaptionskip=\skip47
\belowcaptionskip=\skip48
\bibindent=\dimen138
)
(C:\Users\Traubinger\AppData\Local\Programs\MiKTeX\tex/generic/babel\babel.sty
Package: babel 2020/10/06 3.50 The Babel package

(C:\Users\Traubinger\AppData\Local\Programs\MiKTeX\tex/generic/babel\babel.def
File: babel.def 2020/10/06 3.50 Babel common definitions
\babel@savecnt=\count183
\U@D=\dimen139
\l@babelnohyphens=\language79

(C:\Users\Traubinger\AppData\Local\Programs\MiKTeX\tex/generic/babel\txtbabel.d
ef)
\bbl@readstream=\read2
)
\bbl@dirlevel=\count184

*************************************
* Local config file bblopts.cfg used
*
(C:\Users\Traubinger\AppData\Local\Programs\MiKTeX\tex/latex/arabi\bblopts.cfg
File: bblopts.cfg 2005/09/08 v0.1 add Arabic and Farsi to "declared" options of
 babel
)
(C:\Users\Traubinger\AppData\Local\Programs\MiKTeX\tex/latex/babel-german\ngerm
an.ldf
Language: ngerman 2020/07/21 v2.12 German support for babel (post-1996 orthogra
phy)

(C:\Users\Traubinger\AppData\Local\Programs\MiKTeX\tex/latex/babel-german\ngerm
anb.ldf
Language: ngermanb 2020/07/21 v2.12 German support for babel (post-1996 orthogr
aphy)
Package babel Info: Making " an active character on input line 121.
)))
(C:\Users\Traubinger\AppData\Local\Programs\MiKTeX\tex/latex/base\inputenc.sty
Package: inputenc 2020/08/01 v1.3d Input encoding file
\inpenc@prehook=\toks15
\inpenc@posthook=\toks16
)
(C:\Users\Traubinger\AppData\Local\Programs\MiKTeX\tex/latex/graphics\color.sty
Package: color 2020/02/24 v1.2b Standard LaTeX Color (DPC)

(C:\Users\Traubinger\AppData\Local\Programs\MiKTeX\tex/latex/graphics-cfg\color
.cfg
File: color.cfg 2016/01/02 v1.6 sample color configuration
)
Package color Info: Driver file: pdftex.def on input line 147.

(C:\Users\Traubinger\AppData\Local\Programs\MiKTeX\tex/latex/graphics-def\pdfte
x.def
File: pdftex.def 2020/10/05 v1.2a Graphics/color driver for pdftex
))
(C:\Users\Traubinger\AppData\Local\Programs\MiKTeX\tex/latex/colortbl\colortbl.
sty
Package: colortbl 2020/01/04 v1.0e Color table columns (DPC)

(C:\Users\Traubinger\AppData\Local\Programs\MiKTeX\tex/latex/tools\array.sty
Package: array 2019/08/31 v2.4l Tabular extension package (FMi)
\col@sep=\dimen140
\ar@mcellbox=\box47
\extrarowheight=\dimen141
\NC@list=\toks17
\extratabsurround=\skip49
\backup@length=\skip50
\ar@cellbox=\box48
)
\everycr=\toks18
\minrowclearance=\skip51
)
(C:\Users\Traubinger\AppData\Local\Programs\MiKTeX\tex/latex/xcolor\xcolor.sty
Package: xcolor 2016/05/11 v2.12 LaTeX color extensions (UK)

(C:\Users\Traubinger\AppData\Local\Programs\MiKTeX\tex/latex/graphics-cfg\color
.cfg
File: color.cfg 2016/01/02 v1.6 sample color configuration
)
Package xcolor Info: Driver file: pdftex.def on input line 225.
LaTeX Info: Redefining \color on input line 709.
\rownum=\count185
Package xcolor Info: Model `cmy' substituted by `cmy0' on input line 1348.
Package xcolor Info: Model `hsb' substituted by `rgb' on input line 1352.
Package xcolor Info: Model `RGB' extended on input line 1364.
Package xcolor Info: Model `HTML' substituted by `rgb' on input line 1366.
Package xcolor Info: Model `Hsb' substituted by `hsb' on input line 1367.
Package xcolor Info: Model `tHsb' substituted by `hsb' on input line 1368.
Package xcolor Info: Model `HSB' substituted by `hsb' on input line 1369.
Package xcolor Info: Model `Gray' substituted by `gray' on input line 1370.
Package xcolor Info: Model `wave' substituted by `hsb' on input line 1371.
)
(C:\Users\Traubinger\AppData\Local\Programs\MiKTeX\tex/latex/graphics\graphicx.
sty
Package: graphicx 2020/09/09 v1.2b Enhanced LaTeX Graphics (DPC,SPQR)

(C:\Users\Traubinger\AppData\Local\Programs\MiKTeX\tex/latex/graphics\keyval.st
y
Package: keyval 2014/10/28 v1.15 key=value parser (DPC)
\KV@toks@=\toks19
)
(C:\Users\Traubinger\AppData\Local\Programs\MiKTeX\tex/latex/graphics\graphics.
sty
Package: graphics 2020/08/30 v1.4c Standard LaTeX Graphics (DPC,SPQR)

(C:\Users\Traubinger\AppData\Local\Programs\MiKTeX\tex/latex/graphics\trig.sty
Package: trig 2016/01/03 v1.10 sin cos tan (DPC)
)
(C:\Users\Traubinger\AppData\Local\Programs\MiKTeX\tex/latex/graphics-cfg\graph
ics.cfg
File: graphics.cfg 2016/06/04 v1.11 sample graphics configuration
)
Package graphics Info: Driver file: pdftex.def on input line 105.
)
\Gin@req@height=\dimen142
\Gin@req@width=\dimen143
)
(C:\Users\Traubinger\AppData\Local\Programs\MiKTeX\tex/latex/float\float.sty
Package: float 2001/11/08 v1.3d Float enhancements (AL)
\c@float@type=\count186
\float@exts=\toks20
\float@box=\box49
\@float@everytoks=\toks21
\@floatcapt=\box50
)
\@float@every@table=\toks22

(C:\Users\Traubinger\AppData\Local\Programs\MiKTeX\tex/latex/tools\verbatim.sty
Package: verbatim 2019/11/10 v1.5r LaTeX2e package for verbatim enhancements
\every@verbatim=\toks23
\verbatim@line=\toks24
\verbatim@in@stream=\read3
)
(C:\Users\Traubinger\AppData\Local\Programs\MiKTeX\tex/latex/hyperref\hyperref.
sty
Package: hyperref 2020-05-15 v7.00e Hypertext links for LaTeX

(C:\Users\Traubinger\AppData\Local\Programs\MiKTeX\tex/generic/ltxcmds\ltxcmds.
sty
Package: ltxcmds 2020-05-10 v1.25 LaTeX kernel commands for general use (HO)
)
(C:\Users\Traubinger\AppData\Local\Programs\MiKTeX\tex/generic/iftex\iftex.sty
Package: iftex 2020/03/06 v1.0d TeX engine tests
)
(C:\Users\Traubinger\AppData\Local\Programs\MiKTeX\tex/generic/pdftexcmds\pdfte
xcmds.sty
Package: pdftexcmds 2020-06-27 v0.33 Utility functions of pdfTeX for LuaTeX (HO
)

(C:\Users\Traubinger\AppData\Local\Programs\MiKTeX\tex/generic/infwarerr\infwar
err.sty
Package: infwarerr 2019/12/03 v1.5 Providing info/warning/error messages (HO)
)
Package pdftexcmds Info: \pdf@primitive is available.
Package pdftexcmds Info: \pdf@ifprimitive is available.
Package pdftexcmds Info: \pdfdraftmode found.
)
(C:\Users\Traubinger\AppData\Local\Programs\MiKTeX\tex/generic/kvsetkeys\kvsetk
eys.sty
Package: kvsetkeys 2019/12/15 v1.18 Key value parser (HO)
)
(C:\Users\Traubinger\AppData\Local\Programs\MiKTeX\tex/generic/kvdefinekeys\kvd
efinekeys.sty
Package: kvdefinekeys 2019-12-19 v1.6 Define keys (HO)
)
(C:\Users\Traubinger\AppData\Local\Programs\MiKTeX\tex/generic/pdfescape\pdfesc
ape.sty
Package: pdfescape 2019/12/09 v1.15 Implements pdfTeX's escape features (HO)
)
(C:\Users\Traubinger\AppData\Local\Programs\MiKTeX\tex/latex/hycolor\hycolor.st
y
Package: hycolor 2020-01-27 v1.10 Color options for hyperref/bookmark (HO)
)
(C:\Users\Traubinger\AppData\Local\Programs\MiKTeX\tex/latex/letltxmacro\letltx
macro.sty
Package: letltxmacro 2019/12/03 v1.6 Let assignment for LaTeX macros (HO)
)
(C:\Users\Traubinger\AppData\Local\Programs\MiKTeX\tex/latex/auxhook\auxhook.st
y
Package: auxhook 2019-12-17 v1.6 Hooks for auxiliary files (HO)
)
(C:\Users\Traubinger\AppData\Local\Programs\MiKTeX\tex/latex/kvoptions\kvoption
s.sty
Package: kvoptions 2020-10-07 v3.14 Key value format for package options (HO)
)
\@linkdim=\dimen144
\Hy@linkcounter=\count187
\Hy@pagecounter=\count188

(C:\Users\Traubinger\AppData\Local\Programs\MiKTeX\tex/latex/hyperref\pd1enc.de
f
File: pd1enc.def 2020-05-15 v7.00e Hyperref: PDFDocEncoding definition (HO)
Now handling font encoding PD1 ...
... no UTF-8 mapping file for font encoding PD1
)
(C:\Users\Traubinger\AppData\Local\Programs\MiKTeX\tex/generic/intcalc\intcalc.
sty
Package: intcalc 2019/12/15 v1.3 Expandable calculations with integers (HO)
)
(C:\Users\Traubinger\AppData\Local\Programs\MiKTeX\tex/generic/etexcmds\etexcmd
s.sty
Package: etexcmds 2019/12/15 v1.7 Avoid name clashes with e-TeX commands (HO)
)
\Hy@SavedSpaceFactor=\count189
Package hyperref Info: Hyper figures OFF on input line 4464.
Package hyperref Info: Link nesting OFF on input line 4469.
Package hyperref Info: Hyper index ON on input line 4472.
Package hyperref Info: Plain pages OFF on input line 4479.
Package hyperref Info: Backreferencing OFF on input line 4484.
Package hyperref Info: Implicit mode ON; LaTeX internals redefined.
Package hyperref Info: Bookmarks ON on input line 4717.
\c@Hy@tempcnt=\count190
 (C:\Users\Traubinger\AppData\Local\Programs\MiKTeX\tex/latex/url\url.sty
\Urlmuskip=\muskip16
Package: url 2013/09/16  ver 3.4  Verb mode for urls, etc.
)
LaTeX Info: Redefining \url on input line 5076.
\XeTeXLinkMargin=\dimen145

(C:\Users\Traubinger\AppData\Local\Programs\MiKTeX\tex/generic/bitset\bitset.st
y
Package: bitset 2019/12/09 v1.3 Handle bit-vector datatype (HO)

(C:\Users\Traubinger\AppData\Local\Programs\MiKTeX\tex/generic/bigintcalc\bigin
tcalc.sty
Package: bigintcalc 2019/12/15 v1.5 Expandable calculations on big integers (HO
)
))
\Fld@menulength=\count191
\Field@Width=\dimen146
\Fld@charsize=\dimen147
Package hyperref Info: Hyper figures OFF on input line 6347.
Package hyperref Info: Link nesting OFF on input line 6352.
Package hyperref Info: Hyper index ON on input line 6355.
Package hyperref Info: backreferencing OFF on input line 6362.
Package hyperref Info: Link coloring OFF on input line 6367.
Package hyperref Info: Link coloring with OCG OFF on input line 6372.
Package hyperref Info: PDF/A mode OFF on input line 6377.
LaTeX Info: Redefining \ref on input line 6417.
LaTeX Info: Redefining \pageref on input line 6421.

(C:\Users\Traubinger\AppData\Local\Programs\MiKTeX\tex/latex/base\atbegshi-ltx.
sty
Package: atbegshi-ltx 2020/08/17 v1.0a Emulation of the original atbegshi packa
ge
with kernel methods
)
\Hy@abspage=\count192
\c@Item=\count193
\c@Hfootnote=\count194
)
Package hyperref Info: Driver (autodetected): hpdftex.

(C:\Users\Traubinger\AppData\Local\Programs\MiKTeX\tex/latex/hyperref\hpdftex.d
ef
File: hpdftex.def 2020-05-15 v7.00e Hyperref driver for pdfTeX

(C:\Users\Traubinger\AppData\Local\Programs\MiKTeX\tex/latex/base\atveryend-ltx
.sty
Package: atveryend-ltx 2020/08/19 v1.0a Emulation of the original atvery packag
e
with kernel methods
)
\Fld@listcount=\count195
\c@bookmark@seq@number=\count196

(C:\Users\Traubinger\AppData\Local\Programs\MiKTeX\tex/latex/rerunfilecheck\rer
unfilecheck.sty
Package: rerunfilecheck 2019/12/05 v1.9 Rerun checks for auxiliary files (HO)

(C:\Users\Traubinger\AppData\Local\Programs\MiKTeX\tex/generic/uniquecounter\un
iquecounter.sty
Package: uniquecounter 2019/12/15 v1.4 Provide unlimited unique counter (HO)
)
Package uniquecounter Info: New unique counter `rerunfilecheck' on input line 2
86.
)
\Hy@SectionHShift=\skip52
)
(C:\Users\Traubinger\AppData\Local\Programs\MiKTeX\tex/latex/biblatex\biblatex.
sty
Package: biblatex 2020/08/23 v3.15a programmable bibliographies (PK/MW)

(C:\Users\Traubinger\AppData\Local\Programs\MiKTeX\tex/latex/etoolbox\etoolbox.
sty
Package: etoolbox 2020/10/05 v2.5k e-TeX tools for LaTeX (JAW)
\etb@tempcnta=\count197
)
(C:\Users\Traubinger\AppData\Local\Programs\MiKTeX\tex/latex/logreq\logreq.sty
Package: logreq 2010/08/04 v1.0 xml request logger
\lrq@indent=\count198

(C:\Users\Traubinger\AppData\Local\Programs\MiKTeX\tex/latex/logreq\logreq.def
File: logreq.def 2010/08/04 v1.0 logreq spec v1.0
)) (C:\Users\Traubinger\AppData\Local\Programs\MiKTeX\tex/latex/base\ifthen.sty
Package: ifthen 2014/09/29 v1.1c Standard LaTeX ifthen package (DPC)
)
\c@tabx@nest=\count199
\c@listtotal=\count266
\c@listcount=\count267
\c@liststart=\count268
\c@liststop=\count269
\c@citecount=\count270
\c@citetotal=\count271
\c@multicitecount=\count272
\c@multicitetotal=\count273
\c@instcount=\count274
\c@maxnames=\count275
\c@minnames=\count276
\c@maxitems=\count277
\c@minitems=\count278
\c@citecounter=\count279
\c@maxcitecounter=\count280
\c@savedcitecounter=\count281
\c@uniquelist=\count282
\c@uniquename=\count283
\c@refsection=\count284
\c@refsegment=\count285
\c@maxextratitle=\count286
\c@maxextratitleyear=\count287
\c@maxextraname=\count288
\c@maxextradate=\count289
\c@maxextraalpha=\count290
\c@abbrvpenalty=\count291
\c@highnamepenalty=\count292
\c@lownamepenalty=\count293
\c@maxparens=\count294
\c@parenlevel=\count295
\blx@tempcnta=\count296
\blx@tempcntb=\count297
\blx@tempcntc=\count298
\blx@maxsection=\count299
\blx@maxsegment@0=\count300
\blx@notetype=\count301
\blx@parenlevel@text=\count302
\blx@parenlevel@foot=\count303
\blx@sectionciteorder@0=\count304
\blx@entrysetcounter=\count305
\blx@biblioinstance=\count306
\labelnumberwidth=\skip53
\labelalphawidth=\skip54
\biblabelsep=\skip55
\bibitemsep=\skip56
\bibnamesep=\skip57
\bibinitsep=\skip58
\bibparsep=\skip59
\bibhang=\skip60
\blx@bcfin=\read4
\blx@bcfout=\write3
\blx@langwohyphens=\language80
\c@mincomprange=\count307
\c@maxcomprange=\count308
\c@mincompwidth=\count309
Package biblatex Info: Trying to load biblatex default data model...
Package biblatex Info: ... file 'blx-dm.def' found.

(C:\Users\Traubinger\AppData\Local\Programs\MiKTeX\tex/latex/biblatex\blx-dm.de
f
File: blx-dm.def 2020/08/23 v3.15a biblatex localization (PK/MW)
)
Package biblatex Info: Trying to load biblatex custom data model...
Package biblatex Info: ... file 'biblatex-dm.cfg' not found.
\c@afterword=\count310
\c@savedafterword=\count311
\c@annotator=\count312
\c@savedannotator=\count313
\c@author=\count314
\c@savedauthor=\count315
\c@bookauthor=\count316
\c@savedbookauthor=\count317
\c@commentator=\count318
\c@savedcommentator=\count319
\c@editor=\count320
\c@savededitor=\count321
\c@editora=\count322
\c@savededitora=\count323
\c@editorb=\count324
\c@savededitorb=\count325
\c@editorc=\count326
\c@savededitorc=\count327
\c@foreword=\count328
\c@savedforeword=\count329
\c@holder=\count330
\c@savedholder=\count331
\c@introduction=\count332
\c@savedintroduction=\count333
\c@namea=\count334
\c@savednamea=\count335
\c@nameb=\count336
\c@savednameb=\count337
\c@namec=\count338
\c@savednamec=\count339
\c@translator=\count340
\c@savedtranslator=\count341
\c@shortauthor=\count342
\c@savedshortauthor=\count343
\c@shorteditor=\count344
\c@savedshorteditor=\count345
\c@labelname=\count346
\c@savedlabelname=\count347
\c@institution=\count348
\c@savedinstitution=\count349
\c@lista=\count350
\c@savedlista=\count351
\c@listb=\count352
\c@savedlistb=\count353
\c@listc=\count354
\c@savedlistc=\count355
\c@listd=\count356
\c@savedlistd=\count357
\c@liste=\count358
\c@savedliste=\count359
\c@listf=\count360
\c@savedlistf=\count361
\c@location=\count362
\c@savedlocation=\count363
\c@organization=\count364
\c@savedorganization=\count365
\c@origlocation=\count366
\c@savedoriglocation=\count367
\c@origpublisher=\count368
\c@savedorigpublisher=\count369
\c@publisher=\count370
\c@savedpublisher=\count371
\c@language=\count372
\c@savedlanguage=\count373
\c@origlanguage=\count374
\c@savedoriglanguage=\count375
\c@pageref=\count376
\c@savedpageref=\count377
\shorthandwidth=\skip61
\shortjournalwidth=\skip62
\shortserieswidth=\skip63
\shorttitlewidth=\skip64
\shortauthorwidth=\skip65
\shorteditorwidth=\skip66
\locallabelnumberwidth=\skip67
\locallabelalphawidth=\skip68
\localshorthandwidth=\skip69
\localshortjournalwidth=\skip70
\localshortserieswidth=\skip71
\localshorttitlewidth=\skip72
\localshortauthorwidth=\skip73
\localshorteditorwidth=\skip74
Package biblatex Info: Trying to load compatibility code...
Package biblatex Info: ... file 'blx-compat.def' found.

(C:\Users\Traubinger\AppData\Local\Programs\MiKTeX\tex/latex/biblatex\blx-compa
t.def
File: blx-compat.def 2020/08/23 v3.15a biblatex compatibility (PK/MW)
)
(C:\Users\Traubinger\AppData\Local\Programs\MiKTeX\tex/latex/l3kernel\expl3.sty
Package: expl3 2020-10-05 L3 programming layer (loader) 

(C:\Users\Traubinger\AppData\Local\Programs\MiKTeX\tex/latex/l3backend\l3backen
d-pdftex.def
File: l3backend-pdftex.def 2020-09-24 L3 backend support: PDF output (pdfTeX)
\l__kernel_color_stack_int=\count378
\l__pdf_internal_box=\box51
))
Package biblatex Info: expl3
(biblatex)             2020-10-05 L3 programming layer (loader) 
(biblatex)             is new enough (at least 2020/04/06),
(biblatex)             setting 'casechanger=expl3'.
Package biblatex Info: Trying to load expl3 case changing code...
Package biblatex Info: ... file 'blx-case-expl3.def' found.

(C:\Users\Traubinger\AppData\Local\Programs\MiKTeX\tex/latex/biblatex\blx-case-
expl3.def
(C:\Users\Traubinger\AppData\Local\Programs\MiKTeX\tex/latex/l3packages/xparse\
xparse.sty
Package: xparse 2020-10-05 L3 Experimental document command parser

(C:\Users\Traubinger\AppData\Local\Programs\MiKTeX\tex/latex/l3packages/xparse\
xparse-generic.tex))
File: blx-case-expl3 2020/08/23 v3.15a expl3 case changing code for biblatex
)
Package biblatex Info: Trying to load generic definitions...
Package biblatex Info: ... file 'biblatex.def' found.

(C:\Users\Traubinger\AppData\Local\Programs\MiKTeX\tex/latex/biblatex\biblatex.
def
File: biblatex.def 2020/08/23 v3.15a biblatex compatibility (PK/MW)
\c@textcitecount=\count379
\c@textcitetotal=\count380
\c@textcitemaxnames=\count381
\c@biburlbigbreakpenalty=\count382
\c@biburlbreakpenalty=\count383
\c@biburlnumpenalty=\count384
\c@biburlucpenalty=\count385
\c@biburllcpenalty=\count386
\biburlbigskip=\muskip17
\biburlnumskip=\muskip18
\biburlucskip=\muskip19
\biburllcskip=\muskip20
\c@smartand=\count387
)
Package biblatex Info: Trying to load bibliography style 'numeric'...
Package biblatex Info: ... file 'numeric.bbx' found.

(C:\Users\Traubinger\AppData\Local\Programs\MiKTeX\tex/latex/biblatex/bbx\numer
ic.bbx
File: numeric.bbx 2020/08/23 v3.15a biblatex bibliography style (PK/MW)
Package biblatex Info: Trying to load bibliography style 'standard'...
Package biblatex Info: ... file 'standard.bbx' found.

(C:\Users\Traubinger\AppData\Local\Programs\MiKTeX\tex/latex/biblatex/bbx\stand
ard.bbx
File: standard.bbx 2020/08/23 v3.15a biblatex bibliography style (PK/MW)
\c@bbx:relatedcount=\count388
\c@bbx:relatedtotal=\count389
))
Package biblatex Info: Trying to load citation style 'numeric'...
Package biblatex Info: ... file 'numeric.cbx' found.

(C:\Users\Traubinger\AppData\Local\Programs\MiKTeX\tex/latex/biblatex/cbx\numer
ic.cbx
File: numeric.cbx 2020/08/23 v3.15a biblatex citation style (PK/MW)
Package biblatex Info: Redefining '\cite'.
Package biblatex Info: Redefining '\parencite'.
Package biblatex Info: Redefining '\footcite'.
Package biblatex Info: Redefining '\footcitetext'.
Package biblatex Info: Redefining '\smartcite'.
Package biblatex Info: Redefining '\supercite'.
Package biblatex Info: Redefining '\textcite'.
Package biblatex Info: Redefining '\textcites'.
Package biblatex Info: Redefining '\cites'.
Package biblatex Info: Redefining '\parencites'.
Package biblatex Info: Redefining '\smartcites'.
)
Package biblatex Info: Trying to load configuration file...
Package biblatex Info: ... file 'biblatex.cfg' found.

(C:\Users\Traubinger\AppData\Local\Programs\MiKTeX\tex/latex/biblatex\biblatex.
cfg
File: biblatex.cfg 
))
(C:\Users\Traubinger\AppData\Local\Programs\MiKTeX\tex/latex/geometry\geometry.
sty
Package: geometry 2020/01/02 v5.9 Page Geometry

(C:\Users\Traubinger\AppData\Local\Programs\MiKTeX\tex/generic/iftex\ifvtex.sty
Package: ifvtex 2019/10/25 v1.7 ifvtex legacy package. Use iftex instead.
)
\Gm@cnth=\count390
\Gm@cntv=\count391
\c@Gm@tempcnt=\count392
\Gm@bindingoffset=\dimen148
\Gm@wd@mp=\dimen149
\Gm@odd@mp=\dimen150
\Gm@even@mp=\dimen151
\Gm@layoutwidth=\dimen152
\Gm@layoutheight=\dimen153
\Gm@layouthoffset=\dimen154
\Gm@layoutvoffset=\dimen155
\Gm@dimlist=\toks25

(C:\Users\Traubinger\AppData\Local\Programs\MiKTeX\tex/latex/geometry\geometry.
cfg))

Package biblatex Warning: 'babel/polyglossia' detected but 'csquotes' missing.
(biblatex)                Loading 'csquotes' recommended.

\@quotelevel=\count393
\@quotereset=\count394
("Sustainability in the supplychain.aux")
\openout1 = `"Sustainability in the supplychain.aux"'.

LaTeX Font Info:    Checking defaults for OML/cmm/m/it on input line 26.
LaTeX Font Info:    ... okay on input line 26.
LaTeX Font Info:    Checking defaults for OMS/cmsy/m/n on input line 26.
LaTeX Font Info:    ... okay on input line 26.
LaTeX Font Info:    Checking defaults for OT1/cmr/m/n on input line 26.
LaTeX Font Info:    ... okay on input line 26.
LaTeX Font Info:    Checking defaults for T1/cmr/m/n on input line 26.
LaTeX Font Info:    ... okay on input line 26.
LaTeX Font Info:    Checking defaults for TS1/cmr/m/n on input line 26.
LaTeX Font Info:    ... okay on input line 26.
LaTeX Font Info:    Checking defaults for OMX/cmex/m/n on input line 26.
LaTeX Font Info:    ... okay on input line 26.
LaTeX Font Info:    Checking defaults for U/cmr/m/n on input line 26.
LaTeX Font Info:    ... okay on input line 26.
LaTeX Font Info:    Checking defaults for PD1/pdf/m/n on input line 26.
LaTeX Font Info:    ... okay on input line 26.

(C:\Users\Traubinger\AppData\Local\Programs\MiKTeX\tex/context/base/mkii\supp-p
df.mkii
[Loading MPS to PDF converter (version 2006.09.02).]
\scratchcounter=\count395
\scratchdimen=\dimen156
\scratchbox=\box52
\nofMPsegments=\count396
\nofMParguments=\count397
\everyMPshowfont=\toks26
\MPscratchCnt=\count398
\MPscratchDim=\dimen157
\MPnumerator=\count399
\makeMPintoPDFobject=\count400
\everyMPtoPDFconversion=\toks27
)
(C:\Users\Traubinger\AppData\Local\Programs\MiKTeX\tex/latex/epstopdf-pkg\epsto
pdf-base.sty
Package: epstopdf-base 2020-01-24 v2.11 Base part for package epstopdf
Package epstopdf-base Info: Redefining graphics rule for `.eps' on input line 4
85.
)
Package hyperref Info: Link coloring OFF on input line 26.

(C:\Users\Traubinger\AppData\Local\Programs\MiKTeX\tex/latex/hyperref\nameref.s
ty
Package: nameref 2019/09/16 v2.46 Cross-referencing by name of section

(C:\Users\Traubinger\AppData\Local\Programs\MiKTeX\tex/latex/refcount\refcount.
sty
Package: refcount 2019/12/15 v3.6 Data extraction from label references (HO)
)
(C:\Users\Traubinger\AppData\Local\Programs\MiKTeX\tex/generic/gettitlestring\g
ettitlestring.sty
Package: gettitlestring 2019/12/15 v1.6 Cleanup title references (HO)
)
\c@section@level=\count401
)
LaTeX Info: Redefining \ref on input line 26.
LaTeX Info: Redefining \pageref on input line 26.
LaTeX Info: Redefining \nameref on input line 26.
 ("Sustainability in the supplychain.out")
("Sustainability in the supplychain.out")
\@outlinefile=\write4
\openout4 = `"Sustainability in the supplychain.out"'.

Package biblatex Info: Trying to load language 'ngerman'...
Package biblatex Info: ... file 'ngerman.lbx' found.

(C:\Users\Traubinger\AppData\Local\Programs\MiKTeX\tex/latex/biblatex/lbx\ngerm
an.lbx
File: ngerman.lbx 2020/08/23 v3.15a biblatex localization (PK/MW)
Package biblatex Info: Trying to load language 'german'...
Package biblatex Info: ... file 'german.lbx' found.

(C:\Users\Traubinger\AppData\Local\Programs\MiKTeX\tex/latex/biblatex/lbx\germa
n.lbx
File: german.lbx 2020/08/23 v3.15a biblatex localization (PK/MW)
)
Package biblatex Info: Trying to load language 'german'...
Package biblatex Info: ... file 'german.lbx' found.

(C:\Users\Traubinger\AppData\Local\Programs\MiKTeX\tex/latex/biblatex/lbx\germa
n.lbx
File: german.lbx 2020/08/23 v3.15a biblatex localization (PK/MW)
))
Package biblatex Info: Input encoding 'utf8' detected.
Package biblatex Info: Automatic encoding selection.
(biblatex)             Assuming data encoding 'utf8'.
\openout3 = `"Sustainability in the supplychain.bcf"'.

Package biblatex Info: Trying to load bibliographic data...
Package biblatex Info: ... file '"Sustainability in the supplychain".bbl' found
.
 ("Sustainability in the supplychain.bbl")
Package biblatex Info: Reference section=0 on input line 26.
Package biblatex Info: Reference segment=0 on input line 26.

*geometry* driver: auto-detecting
*geometry* detected driver: pdftex
*geometry* verbose mode - [ preamble ] result:
* driver: pdftex
* paper: <default>
* layout: <same size as paper>
* layoutoffset:(h,v)=(0.0pt,0.0pt)
* modes: 
* h-part:(L,W,R)=(85.35826pt, 472.03123pt, 56.9055pt)
* v-part:(T,H,B)=(71.13188pt, 666.9326pt, 56.9055pt)
* \paperwidth=614.295pt
* \paperheight=794.96999pt
* \textwidth=472.03123pt
* \textheight=666.9326pt
* \oddsidemargin=13.08827pt
* \evensidemargin=13.08827pt
* \topmargin=-38.1381pt
* \headheight=12.0pt
* \headsep=25.0pt
* \topskip=10.0pt
* \footskip=30.0pt
* \marginparwidth=65.0pt
* \marginparsep=11.0pt
* \columnsep=10.0pt
* \skip\footins=9.0pt plus 4.0pt minus 2.0pt
* \hoffset=0.0pt
* \voffset=0.0pt
* \mag=1000
* \@twocolumnfalse
* \@twosidefalse
* \@mparswitchfalse
* \@reversemarginfalse
* (1in=72.27pt=25.4mm, 1cm=28.453pt)

LaTeX Font Info:    External font `cmex10' loaded for size
(Font)              <7> on input line 31.
LaTeX Font Info:    External font `cmex10' loaded for size
(Font)              <5> on input line 31.
[1

{C:/Users/Traubinger/AppData/Local/MiKTeX/pdftex/config/pdftex.map}] [2]
Underfull \hbox (badness 10000) in paragraph at lines 122--124

 []

[3]
Underfull \hbox (badness 10000) in paragraph at lines 131--132

 []

<SWOT.png, id=40, 627.84563pt x 373.395pt>
File: SWOT.png Graphic file (type png)
<use SWOT.png>
Package pdftex.def Info: SWOT.png  used on input line 135.
(pdftex.def)             Requested size: 424.82523pt x 252.65178pt.
[4 <./SWOT.png>] [5]
Overfull \hbox (6.46957pt too wide) in paragraph at lines 189--190
[]\OT1/cmr/m/n/10 Lebensmittelhersteller verf[]ugen mitt-ler-wei-le []uber Last
-wa-gen mit drei Tem-pe-ra-tur-zo-nen (ge-fro-ren, gek[]uhlt
 []


Overfull \hbox (19.58063pt too wide) in paragraph at lines 193--194
\OT1/cmr/m/n/10 Zur wei-te-ren Ver-bes-se-rung der lo-gis-ti-schen Ef-fi-zi-enz
 eva-lu-ie-ren die Be-triebs-lei-ter eben-falls Ausr[]ustungsalternativen
 []


Underfull \hbox (badness 10000) in paragraph at lines 205--206

 []


Underfull \hbox (badness 10000) in paragraph at lines 207--209

 []

[6]
Underfull \hbox (badness 10000) in paragraph at lines 210--210

 []


Underfull \hbox (badness 10000) in paragraph at lines 210--213

 []


Underfull \hbox (badness 10000) in paragraph at lines 214--215

 []


Underfull \hbox (badness 10000) in paragraph at lines 215--215

 []


Underfull \hbox (badness 10000) in paragraph at lines 215--216

 []


Underfull \hbox (badness 10000) in paragraph at lines 217--218

 []


Underfull \hbox (badness 10000) in paragraph at lines 219--220

 []


Underfull \hbox (badness 10000) in paragraph at lines 221--223

 []


Underfull \hbox (badness 10000) in paragraph at lines 223--225

 []


Underfull \hbox (badness 10000) in paragraph at lines 225--226

 []


Underfull \hbox (badness 10000) in paragraph at lines 226--227

 []


Underfull \hbox (badness 10000) in paragraph at lines 232--233

 []


Underfull \hbox (badness 10000) in paragraph at lines 235--236

 []

[7]
Underfull \hbox (badness 10000) in paragraph at lines 237--238

 []


Underfull \hbox (badness 10000) in paragraph at lines 252--253

 []


LaTeX Warning: Command \ss invalid in math mode on input line 253.


LaTeX Warning: Command \ss invalid in math mode on input line 253.


Overfull \hbox (23.09969pt too wide) detected at line 253
\OML/cmm/m/it/10 Gesamtaussto\OT1/cmr/m/n/10   =  \OML/cmm/m/it/10 Herstellung
 des Fahrzeugs  \OT1/cmr/m/n/10 +  (\OML/cmm/m/it/10 Jahreslaufleistung  \OMS/c
msy/m/n/10   \OML/cmm/m/it/10 CO\OT1/cmr/m/n/10 2 \OML/cmm/m/it/10 Aussto\OT1/
cmr/m/n/10  \OML/cmm/m/it/10 pro km\OT1/cmr/m/n/10 )  \OMS/cmsy/m/n/10   \OML
/cmm/m/it/10 Nutzungsdauer
 []


Underfull \hbox (badness 10000) in paragraph at lines 253--257

 []


Underfull \hbox (badness 10000) in paragraph at lines 258--259

 []


Underfull \hbox (badness 10000) in paragraph at lines 260--262

 []


LaTeX Warning: Command \ss invalid in math mode on input line 263.

[8]
Underfull \hbox (badness 10000) in paragraph at lines 263--263

 []


LaTeX Warning: Command \ss invalid in math mode on input line 263.


Underfull \hbox (badness 10000) in paragraph at lines 263--267

 []


LaTeX Warning: Command \ss invalid in math mode on input line 268.


Underfull \hbox (badness 10000) in paragraph at lines 268--268

 []


LaTeX Warning: Command \ss invalid in math mode on input line 268.

[9]
Underfull \hbox (badness 10000) in paragraph at lines 272--273

 []


LaTeX Warning: Command \ss invalid in math mode on input line 274.


Underfull \hbox (badness 10000) in paragraph at lines 274--274

 []


LaTeX Warning: Command \ss invalid in math mode on input line 274.


Underfull \hbox (badness 10000) in paragraph at lines 274--278

 []


Underfull \hbox (badness 10000) in paragraph at lines 279--280

 []


Underfull \hbox (badness 10000) in paragraph at lines 280--282

 []


Underfull \hbox (badness 10000) in paragraph at lines 282--284

 []


Underfull \hbox (badness 10000) in paragraph at lines 284--287

 []


Underfull \hbox (badness 10000) in paragraph at lines 288--289

 []


Underfull \hbox (badness 10000) in paragraph at lines 290--291

 []


Underfull \hbox (badness 10000) in paragraph at lines 291--292

 []


Underfull \hbox (badness 10000) in paragraph at lines 293--294

 []


Underfull \hbox (badness 10000) in paragraph at lines 296--297

 []


Underfull \hbox (badness 10000) in paragraph at lines 298--299

 []

[10] [11]
Overfull \hbox (69.0604pt too wide) in paragraph at lines 311--311
[]\OT1/cmr/m/it/10 AfA-Tabelle f[]ur die all-ge-mein ver-wend-ba-ren An-la-geg[
]uter (AfA-Tabelle []AV")\OT1/cmr/m/n/10 . []$\OT1/cmtt/m/n/10 https : / / www 
. bundesfinanzministerium .
 []

[12] ("Sustainability in the supplychain.aux")
Package rerunfilecheck Info: File `"Sustainability in the supplychain".out' has
 not changed.
(rerunfilecheck)             Checksum: D41D8CD98F00B204E9800998ECF8427E;0.
Package logreq Info: Writing requests to '"Sustainability in the supplychain".r
un.xml'.
\openout1 = `"Sustainability in the supplychain.run.xml"'.

 ) 
Here is how much of TeX's memory you used:
 14305 strings out of 480257
 252808 string characters out of 2879077
 1026459 words of memory out of 3000000
 30606 multiletter control sequences out of 15000+200000
 537528 words of font info for 37 fonts, out of 3000000 for 9000
 1143 hyphenation exceptions out of 8191
 60i,18n,67p,1626b,2229s stack positions out of 5000i,500n,10000p,200000b,50000s
 <C:\Users\Traubinger\AppData\Local\MiKTeX\fonts/pk/ljfour/jknappen/ec/dpi600
\tcrm1000.pk> <C:\Users\Traubinger\AppData\Local\MiKTeX\fonts/pk/ljfour/jknappe
n/ec/dpi600\tcti1000.pk><C:/Users/Traubinger/AppData/Local/Programs/MiKTeX/font
s/type1/public/amsfonts/cm/cmbx10.pfb><C:/Users/Traubinger/AppData/Local/Progra
ms/MiKTeX/fonts/type1/public/amsfonts/cm/cmbx12.pfb><C:/Users/Traubinger/AppDat
a/Local/Programs/MiKTeX/fonts/type1/public/amsfonts/cm/cmcsc10.pfb><C:/Users/Tr
aubinger/AppData/Local/Programs/MiKTeX/fonts/type1/public/amsfonts/cm/cmmi10.pf
b><C:/Users/Traubinger/AppData/Local/Programs/MiKTeX/fonts/type1/public/amsfont
s/cm/cmmi5.pfb><C:/Users/Traubinger/AppData/Local/Programs/MiKTeX/fonts/type1/p
ublic/amsfonts/cm/cmmi7.pfb><C:/Users/Traubinger/AppData/Local/Programs/MiKTeX/
fonts/type1/public/amsfonts/cm/cmr10.pfb><C:/Users/Traubinger/AppData/Local/Pro
grams/MiKTeX/fonts/type1/public/amsfonts/cm/cmr5.pfb><C:/Users/Traubinger/AppDa
ta/Local/Programs/MiKTeX/fonts/type1/public/amsfonts/cm/cmr7.pfb><C:/Users/Trau
binger/AppData/Local/Programs/MiKTeX/fonts/type1/public/amsfonts/cm/cmsy10.pfb>
<C:/Users/Traubinger/AppData/Local/Programs/MiKTeX/fonts/type1/public/amsfonts/
cm/cmsy7.pfb><C:/Users/Traubinger/AppData/Local/Programs/MiKTeX/fonts/type1/pub
lic/amsfonts/cm/cmti10.pfb><C:/Users/Traubinger/AppData/Local/Programs/MiKTeX/f
onts/type1/public/amsfonts/cm/cmtt10.pfb>
Output written on "Sustainability in the supplychain.pdf" (12 pages, 254604 byt
es).
PDF statistics:
 192 PDF objects out of 1000 (max. 8388607)
 52 named destinations out of 1000 (max. 500000)
 6 words of extra memory for PDF output out of 10000 (max. 10000000)

